# JRE version: Java(TM) SE Runtime Environment (7.0_51-b13) (build 1.7.0_51-b13)
# Java VM: Java HotSpot(TM) 64-Bit Server VM (24.51-b03 mixed mode bsd-amd64 compressed oops)
Heap
 PSYoungGen      total 142336K, used 140770K [0x00000007d5500000, 0x00000007de900000, 0x0000000800000000)
  eden space 134656K, 100% used [0x00000007d5500000,0x00000007dd880000,0x00000007dd880000)
  from space 7680K, 79% used [0x00000007de080000,0x00000007de6788e8,0x00000007de800000)
  to   space 8192K, 52% used [0x00000007dd880000,0x00000007ddcb0020,0x00000007de080000)
 ParOldGen       total 87040K, used 5187K [0x0000000780000000, 0x0000000785500000, 0x00000007d5500000)
  object space 87040K, 5% used [0x0000000780000000,0x0000000780510d90,0x0000000785500000)
 PSPermGen       total 21504K, used 18582K [0x000000077ae00000, 0x000000077c300000, 0x0000000780000000)
  object space 21504K, 86% used [0x000000077ae00000,0x000000077c025838,0x000000077c300000)
GC Heap History (10 events):
Event: 1.462 GC heap after
Heap after GC invocations=2 (full 0):
 PSYoungGen      total 38912K, used 4684K [0x00000007d5500000, 0x00000007da100000, 0x0000000800000000)
  eden space 33792K, 0% used [0x00000007d5500000,0x00000007d5500000,0x00000007d7600000)
  from space 5120K, 91% used [0x00000007d7b00000,0x00000007d7f932c8,0x00000007d8000000)
  to   space 5120K, 0% used [0x00000007d7600000,0x00000007d7600000,0x00000007d7b00000)
 ParOldGen       total 87040K, used 24K [0x0000000780000000, 0x0000000785500000, 0x00000007d5500000)
  object space 87040K, 0% used [0x0000000780000000,0x0000000780006000,0x0000000785500000)
 PSPermGen       total 21504K, used 10042K [0x000000077ae00000, 0x000000077c300000, 0x0000000780000000)
  object space 21504K, 46% used [0x000000077ae00000,0x000000077b7ceb00,0x000000077c300000)
}
Event: 1.841 GC heap before
{Heap before GC invocations=3 (full 0):
 PSYoungGen      total 38912K, used 38476K [0x00000007d5500000, 0x00000007da100000, 0x0000000800000000)
  eden space 33792K, 100% used [0x00000007d5500000,0x00000007d7600000,0x00000007d7600000)
  from space 5120K, 91% used [0x00000007d7b00000,0x00000007d7f932c8,0x00000007d8000000)
  to   space 5120K, 0% used [0x00000007d7600000,0x00000007d7600000,0x00000007d7b00000)
 ParOldGen       total 87040K, used 24K [0x0000000780000000, 0x0000000785500000, 0x00000007d5500000)
  object space 87040K, 0% used [0x0000000780000000,0x0000000780006000,0x0000000785500000)
 PSPermGen       total 21504K, used 11956K [0x000000077ae00000, 0x000000077c300000, 0x0000000780000000)
  object space 21504K, 55% used [0x000000077ae00000,0x000000077b9ad2b0,0x000000077c300000)
Event: 1.851 GC heap after
Heap after GC invocations=3 (full 0):
 PSYoungGen      total 38912K, used 5111K [0x00000007d5500000, 0x00000007da100000, 0x0000000800000000)
  eden space 33792K, 0% used [0x00000007d5500000,0x00000007d5500000,0x00000007d7600000)
  from space 5120K, 99% used [0x00000007d7600000,0x00000007d7afdfe8,0x00000007d7b00000)
  to   space 5120K, 0% used [0x00000007d9c00000,0x00000007d9c00000,0x00000007da100000)
 ParOldGen       total 87040K, used 72K [0x0000000780000000, 0x0000000785500000, 0x00000007d5500000)
  object space 87040K, 0% used [0x0000000780000000,0x0000000780012080,0x0000000785500000)
 PSPermGen       total 21504K, used 11956K [0x000000077ae00000, 0x000000077c300000, 0x0000000780000000)
  object space 21504K, 55% used [0x000000077ae00000,0x000000077b9ad2b0,0x000000077c300000)
}
Event: 2.269 GC heap before
{Heap before GC invocations=4 (full 0):
 PSYoungGen      total 38912K, used 38903K [0x00000007d5500000, 0x00000007da100000, 0x0000000800000000)
  eden space 33792K, 100% used [0x00000007d5500000,0x00000007d7600000,0x00000007d7600000)
  from space 5120K, 99% used [0x00000007d7600000,0x00000007d7afdfe8,0x00000007d7b00000)
  to   space 5120K, 0% used [0x00000007d9c00000,0x00000007d9c00000,0x00000007da100000)
 ParOldGen       total 87040K, used 72K [0x0000000780000000, 0x0000000785500000, 0x00000007d5500000)
  object space 87040K, 0% used [0x0000000780000000,0x0000000780012080,0x0000000785500000)
 PSPermGen       total 21504K, used 14643K [0x000000077ae00000, 0x000000077c300000, 0x0000000780000000)
  object space 21504K, 68% used [0x000000077ae00000,0x000000077bc4ceb8,0x000000077c300000)
Event: 2.280 GC heap after
Heap after GC invocations=4 (full 0):
 PSYoungGen      total 72704K, used 5117K [0x00000007d5500000, 0x00000007da100000, 0x0000000800000000)
  eden space 67584K, 0% used [0x00000007d5500000,0x00000007d5500000,0x00000007d9700000)
  from space 5120K, 99% used [0x00000007d9c00000,0x00000007da0ff428,0x00000007da100000)
  to   space 5120K, 0% used [0x00000007d9700000,0x00000007d9700000,0x00000007d9c00000)
 ParOldGen       total 87040K, used 902K [0x0000000780000000, 0x0000000785500000, 0x00000007d5500000)
  object space 87040K, 1% used [0x0000000780000000,0x00000007800e1968,0x0000000785500000)
 PSPermGen       total 21504K, used 14643K [0x000000077ae00000, 0x000000077c300000, 0x0000000780000000)
  object space 21504K, 68% used [0x000000077ae00000,0x000000077bc4ceb8,0x000000077c300000)
}
Event: 2.857 GC heap before
{Heap before GC invocations=5 (full 0):
 PSYoungGen      total 72704K, used 72701K [0x00000007d5500000, 0x00000007da100000, 0x0000000800000000)
  eden space 67584K, 100% used [0x00000007d5500000,0x00000007d9700000,0x00000007d9700000)
  from space 5120K, 99% used [0x00000007d9c00000,0x00000007da0ff428,0x00000007da100000)
  to   space 5120K, 0% used [0x00000007d9700000,0x00000007d9700000,0x00000007d9c00000)
 ParOldGen       total 87040K, used 902K [0x0000000780000000, 0x0000000785500000, 0x00000007d5500000)
  object space 87040K, 1% used [0x0000000780000000,0x00000007800e1968,0x0000000785500000)
 PSPermGen       total 21504K, used 16437K [0x000000077ae00000, 0x000000077c300000, 0x0000000780000000)
  object space 21504K, 76% used [0x000000077ae00000,0x000000077be0d688,0x000000077c300000)
Event: 2.870 GC heap after
Heap after GC invocations=5 (full 0):
 PSYoungGen      total 72704K, used 5116K [0x00000007d5500000, 0x00000007de800000, 0x0000000800000000)
  eden space 67584K, 0% used [0x00000007d5500000,0x00000007d5500000,0x00000007d9700000)
  from space 5120K, 99% used [0x00000007d9700000,0x00000007d9bff3e8,0x00000007d9c00000)
  to   space 7680K, 0% used [0x00000007de080000,0x00000007de080000,0x00000007de800000)
 ParOldGen       total 87040K, used 2875K [0x0000000780000000, 0x0000000785500000, 0x00000007d5500000)
  object space 87040K, 3% used [0x0000000780000000,0x00000007802cedc0,0x0000000785500000)
 PSPermGen       total 21504K, used 16437K [0x000000077ae00000, 0x000000077c300000, 0x0000000780000000)
  object space 21504K, 76% used [0x000000077ae00000,0x000000077be0d688,0x000000077c300000)
}
Event: 3.454 GC heap before
{Heap before GC invocations=6 (full 0):
 PSYoungGen      total 72704K, used 72700K [0x00000007d5500000, 0x00000007de800000, 0x0000000800000000)
  eden space 67584K, 100% used [0x00000007d5500000,0x00000007d9700000,0x00000007d9700000)
  from space 5120K, 99% used [0x00000007d9700000,0x00000007d9bff3e8,0x00000007d9c00000)
  to   space 7680K, 0% used [0x00000007de080000,0x00000007de080000,0x00000007de800000)
 ParOldGen       total 87040K, used 2875K [0x0000000780000000, 0x0000000785500000, 0x00000007d5500000)
  object space 87040K, 3% used [0x0000000780000000,0x00000007802cedc0,0x0000000785500000)
 PSPermGen       total 21504K, used 17258K [0x000000077ae00000, 0x000000077c300000, 0x0000000780000000)
  object space 21504K, 80% used [0x000000077ae00000,0x000000077bedaae8,0x000000077c300000)
Event: 3.472 GC heap after
Heap after GC invocations=6 (full 0):
 PSYoungGen      total 142336K, used 6114K [0x00000007d5500000, 0x00000007de900000, 0x0000000800000000)
  eden space 134656K, 0% used [0x00000007d5500000,0x00000007d5500000,0x00000007dd880000)
  from space 7680K, 79% used [0x00000007de080000,0x00000007de6788e8,0x00000007de800000)
  to   space 8192K, 0% used [0x00000007dd880000,0x00000007dd880000,0x00000007de080000)
 ParOldGen       total 87040K, used 2883K [0x0000000780000000, 0x0000000785500000, 0x00000007d5500000)
  object space 87040K, 3% used [0x0000000780000000,0x00000007802d0dc0,0x0000000785500000)
 PSPermGen       total 21504K, used 17258K [0x000000077ae00000, 0x000000077c300000, 0x0000000780000000)
  object space 21504K, 80% used [0x000000077ae00000,0x000000077bedaae8,0x000000077c300000)
}
Event: 4.651 GC heap before
{Heap before GC invocations=7 (full 0):
 PSYoungGen      total 142336K, used 140770K [0x00000007d5500000, 0x00000007de900000, 0x0000000800000000)
  eden space 134656K, 100% used [0x00000007d5500000,0x00000007dd880000,0x00000007dd880000)
  from space 7680K, 79% used [0x00000007de080000,0x00000007de6788e8,0x00000007de800000)
  to   space 8192K, 0% used [0x00000007dd880000,0x00000007dd880000,0x00000007de080000)
 ParOldGen       total 87040K, used 2883K [0x0000000780000000, 0x0000000785500000, 0x00000007d5500000)
  object space 87040K, 3% used [0x0000000780000000,0x00000007802d0dc0,0x0000000785500000)
 PSPermGen       total 21504K, used 18582K [0x000000077ae00000, 0x000000077c300000, 0x0000000780000000)
  object space 21504K, 86% used [0x000000077ae00000,0x000000077c025838,0x000000077c300000)

