# JRE version: Java(TM) SE Runtime Environment (7.0_51-b13) (build 1.7.0_51-b13)
# Java VM: Java HotSpot(TM) 64-Bit Server VM (24.51-b03 mixed mode bsd-amd64 compressed oops)
Heap
 PSYoungGen      total 279040K, used 276784K [0x00000007d5500000, 0x00000007f7500000, 0x0000000800000000)
  eden space 270336K, 100% used [0x00000007d5500000,0x00000007e5d00000,0x00000007e5d00000)
  from space 8704K, 74% used [0x00000007e5d00000,0x00000007e634c010,0x00000007e6580000)
  to   space 8192K, 41% used [0x00000007f6d00000,0x00000007f7063018,0x00000007f7500000)
 ParOldGen       total 87040K, used 11324K [0x0000000780000000, 0x0000000785500000, 0x00000007d5500000)
  object space 87040K, 13% used [0x0000000780000000,0x0000000780b0f180,0x0000000785500000)
 PSPermGen       total 25088K, used 24796K [0x000000077ae00000, 0x000000077c680000, 0x0000000780000000)
  object space 25088K, 98% used [0x000000077ae00000,0x000000077c637328,0x000000077c680000)
GC Heap History (10 events):
Event: 2.255 GC heap after
Heap after GC invocations=3 (full 0):
 PSYoungGen      total 72704K, used 5088K [0x00000007d5500000, 0x00000007de300000, 0x0000000800000000)
  eden space 67584K, 0% used [0x00000007d5500000,0x00000007d5500000,0x00000007d9700000)
  from space 5120K, 99% used [0x00000007d9700000,0x00000007d9bf8020,0x00000007d9c00000)
  to   space 5120K, 0% used [0x00000007dde00000,0x00000007dde00000,0x00000007de300000)
 ParOldGen       total 87040K, used 3414K [0x0000000780000000, 0x0000000785500000, 0x00000007d5500000)
  object space 87040K, 3% used [0x0000000780000000,0x0000000780355af0,0x0000000785500000)
 PSPermGen       total 23040K, used 22752K [0x000000077ae00000, 0x000000077c480000, 0x0000000780000000)
  object space 23040K, 98% used [0x000000077ae00000,0x000000077c4382c0,0x000000077c480000)
}
Event: 2.453 GC heap before
{Heap before GC invocations=4 (full 0):
 PSYoungGen      total 72704K, used 72672K [0x00000007d5500000, 0x00000007de300000, 0x0000000800000000)
  eden space 67584K, 100% used [0x00000007d5500000,0x00000007d9700000,0x00000007d9700000)
  from space 5120K, 99% used [0x00000007d9700000,0x00000007d9bf8020,0x00000007d9c00000)
  to   space 5120K, 0% used [0x00000007dde00000,0x00000007dde00000,0x00000007de300000)
 ParOldGen       total 87040K, used 3414K [0x0000000780000000, 0x0000000785500000, 0x00000007d5500000)
  object space 87040K, 3% used [0x0000000780000000,0x0000000780355af0,0x0000000785500000)
 PSPermGen       total 23040K, used 22763K [0x000000077ae00000, 0x000000077c480000, 0x0000000780000000)
  object space 23040K, 98% used [0x000000077ae00000,0x000000077c43ace8,0x000000077c480000)
Event: 2.470 GC heap after
Heap after GC invocations=4 (full 0):
 PSYoungGen      total 140288K, used 5104K [0x00000007d5500000, 0x00000007de300000, 0x0000000800000000)
  eden space 135168K, 0% used [0x00000007d5500000,0x00000007d5500000,0x00000007dd900000)
  from space 5120K, 99% used [0x00000007dde00000,0x00000007de2fc010,0x00000007de300000)
  to   space 5120K, 0% used [0x00000007dd900000,0x00000007dd900000,0x00000007dde00000)
 ParOldGen       total 87040K, used 4422K [0x0000000780000000, 0x0000000785500000, 0x00000007d5500000)
  object space 87040K, 5% used [0x0000000780000000,0x0000000780451af0,0x0000000785500000)
 PSPermGen       total 23040K, used 22763K [0x000000077ae00000, 0x000000077c480000, 0x0000000780000000)
  object space 23040K, 98% used [0x000000077ae00000,0x000000077c43ace8,0x000000077c480000)
}
Event: 2.893 GC heap before
{Heap before GC invocations=5 (full 0):
 PSYoungGen      total 140288K, used 140272K [0x00000007d5500000, 0x00000007de300000, 0x0000000800000000)
  eden space 135168K, 100% used [0x00000007d5500000,0x00000007dd900000,0x00000007dd900000)
  from space 5120K, 99% used [0x00000007dde00000,0x00000007de2fc010,0x00000007de300000)
  to   space 5120K, 0% used [0x00000007dd900000,0x00000007dd900000,0x00000007dde00000)
 ParOldGen       total 87040K, used 4422K [0x0000000780000000, 0x0000000785500000, 0x00000007d5500000)
  object space 87040K, 5% used [0x0000000780000000,0x0000000780451af0,0x0000000785500000)
 PSPermGen       total 23040K, used 22763K [0x000000077ae00000, 0x000000077c480000, 0x0000000780000000)
  object space 23040K, 98% used [0x000000077ae00000,0x000000077c43ace8,0x000000077c480000)
Event: 2.910 GC heap after
Heap after GC invocations=5 (full 0):
 PSYoungGen      total 140288K, used 5088K [0x00000007d5500000, 0x00000007e6e00000, 0x0000000800000000)
  eden space 135168K, 0% used [0x00000007d5500000,0x00000007d5500000,0x00000007dd900000)
  from space 5120K, 99% used [0x00000007dd900000,0x00000007dddf8020,0x00000007dde00000)
  to   space 8704K, 0% used [0x00000007e6580000,0x00000007e6580000,0x00000007e6e00000)
 ParOldGen       total 87040K, used 6446K [0x0000000780000000, 0x0000000785500000, 0x00000007d5500000)
  object space 87040K, 7% used [0x0000000780000000,0x000000078064baf0,0x0000000785500000)
 PSPermGen       total 23040K, used 22763K [0x000000077ae00000, 0x000000077c480000, 0x0000000780000000)
  object space 23040K, 98% used [0x000000077ae00000,0x000000077c43ace8,0x000000077c480000)
}
Event: 3.307 GC heap before
{Heap before GC invocations=6 (full 0):
 PSYoungGen      total 140288K, used 140256K [0x00000007d5500000, 0x00000007e6e00000, 0x0000000800000000)
  eden space 135168K, 100% used [0x00000007d5500000,0x00000007dd900000,0x00000007dd900000)
  from space 5120K, 99% used [0x00000007dd900000,0x00000007dddf8020,0x00000007dde00000)
  to   space 8704K, 0% used [0x00000007e6580000,0x00000007e6580000,0x00000007e6e00000)
 ParOldGen       total 87040K, used 6446K [0x0000000780000000, 0x0000000785500000, 0x00000007d5500000)
  object space 87040K, 7% used [0x0000000780000000,0x000000078064baf0,0x0000000785500000)
 PSPermGen       total 24576K, used 24408K [0x000000077ae00000, 0x000000077c600000, 0x0000000780000000)
  object space 24576K, 99% used [0x000000077ae00000,0x000000077c5d6108,0x000000077c600000)
Event: 3.327 GC heap after
Heap after GC invocations=6 (full 0):
 PSYoungGen      total 279040K, used 6592K [0x00000007d5500000, 0x00000007e6e00000, 0x0000000800000000)
  eden space 270336K, 0% used [0x00000007d5500000,0x00000007d5500000,0x00000007e5d00000)
  from space 8704K, 75% used [0x00000007e6580000,0x00000007e6bf0020,0x00000007e6e00000)
  to   space 8704K, 0% used [0x00000007e5d00000,0x00000007e5d00000,0x00000007e6580000)
 ParOldGen       total 87040K, used 6454K [0x0000000780000000, 0x0000000785500000, 0x00000007d5500000)
  object space 87040K, 7% used [0x0000000780000000,0x000000078064daf0,0x0000000785500000)
 PSPermGen       total 24576K, used 24408K [0x000000077ae00000, 0x000000077c600000, 0x0000000780000000)
  object space 24576K, 99% used [0x000000077ae00000,0x000000077c5d6108,0x000000077c600000)
}
Event: 3.759 GC heap before
{Heap before GC invocations=7 (full 0):
 PSYoungGen      total 279040K, used 276928K [0x00000007d5500000, 0x00000007e6e00000, 0x0000000800000000)
  eden space 270336K, 100% used [0x00000007d5500000,0x00000007e5d00000,0x00000007e5d00000)
  from space 8704K, 75% used [0x00000007e6580000,0x00000007e6bf0020,0x00000007e6e00000)
  to   space 8704K, 0% used [0x00000007e5d00000,0x00000007e5d00000,0x00000007e6580000)
 ParOldGen       total 87040K, used 6454K [0x0000000780000000, 0x0000000785500000, 0x00000007d5500000)
  object space 87040K, 7% used [0x0000000780000000,0x000000078064daf0,0x0000000785500000)
 PSPermGen       total 24576K, used 24527K [0x000000077ae00000, 0x000000077c600000, 0x0000000780000000)
  object space 24576K, 99% used [0x000000077ae00000,0x000000077c5f3c30,0x000000077c600000)
Event: 3.783 GC heap after
Heap after GC invocations=7 (full 0):
 PSYoungGen      total 279040K, used 6448K [0x00000007d5500000, 0x00000007f7500000, 0x0000000800000000)
  eden space 270336K, 0% used [0x00000007d5500000,0x00000007d5500000,0x00000007e5d00000)
  from space 8704K, 74% used [0x00000007e5d00000,0x00000007e634c010,0x00000007e6580000)
  to   space 8192K, 0% used [0x00000007f6d00000,0x00000007f6d00000,0x00000007f7500000)
 ParOldGen       total 87040K, used 10269K [0x0000000780000000, 0x0000000785500000, 0x00000007d5500000)
  object space 87040K, 11% used [0x0000000780000000,0x0000000780a076a0,0x0000000785500000)
 PSPermGen       total 24576K, used 24527K [0x000000077ae00000, 0x000000077c600000, 0x0000000780000000)
  object space 24576K, 99% used [0x000000077ae00000,0x000000077c5f3c30,0x000000077c600000)
}
Event: 4.146 GC heap before
{Heap before GC invocations=8 (full 0):
 PSYoungGen      total 279040K, used 276784K [0x00000007d5500000, 0x00000007f7500000, 0x0000000800000000)
  eden space 270336K, 100% used [0x00000007d5500000,0x00000007e5d00000,0x00000007e5d00000)
  from space 8704K, 74% used [0x00000007e5d00000,0x00000007e634c010,0x00000007e6580000)
  to   space 8192K, 0% used [0x00000007f6d00000,0x00000007f6d00000,0x00000007f7500000)
 ParOldGen       total 87040K, used 10269K [0x0000000780000000, 0x0000000785500000, 0x00000007d5500000)
  object space 87040K, 11% used [0x0000000780000000,0x0000000780a076a0,0x0000000785500000)
 PSPermGen       total 25088K, used 24796K [0x000000077ae00000, 0x000000077c680000, 0x0000000780000000)
  object space 25088K, 98% used [0x000000077ae00000,0x000000077c637328,0x000000077c680000)

