# JRE version: Java(TM) SE Runtime Environment (7.0_51-b13) (build 1.7.0_51-b13)
# Java VM: Java HotSpot(TM) 64-Bit Server VM (24.51-b03 mixed mode bsd-amd64 compressed oops)
Heap
 PSYoungGen      total 687616K, used 405976K [0x00000007d5500000, 0x0000000800000000, 0x0000000800000000)
  eden space 675840K, 58% used [0x00000007d5500000,0x00000007ed5fe118,0x00000007fe900000)
  from space 11776K, 99% used [0x00000007fe900000,0x00000007ff478020,0x00000007ff480000)
  to   space 11776K, 0% used [0x00000007ff480000,0x00000007ff480000,0x0000000800000000)
 ParOldGen       total 87040K, used 42366K [0x0000000780000000, 0x0000000785500000, 0x00000007d5500000)
  object space 87040K, 48% used [0x0000000780000000,0x000000078295fa00,0x0000000785500000)
 PSPermGen       total 36864K, used 36624K [0x000000077ae00000, 0x000000077d200000, 0x0000000780000000)
  object space 36864K, 99% used [0x000000077ae00000,0x000000077d1c4378,0x000000077d200000)
GC Heap History (10 events):
Event: 6.409 GC heap before
{Heap before GC invocations=9 (full 0):
 PSYoungGen      total 274944K, used 274385K [0x00000007d5500000, 0x00000007e6900000, 0x0000000800000000)
  eden space 268800K, 100% used [0x00000007d5500000,0x00000007e5b80000,0x00000007e5b80000)
  from space 6144K, 90% used [0x00000007e6200000,0x00000007e6774658,0x00000007e6800000)
  to   space 6656K, 0% used [0x00000007e5b80000,0x00000007e5b80000,0x00000007e6200000)
 ParOldGen       total 87040K, used 4212K [0x0000000780000000, 0x0000000785500000, 0x00000007d5500000)
  object space 87040K, 4% used [0x0000000780000000,0x000000078041d388,0x0000000785500000)
 PSPermGen       total 21504K, used 13877K [0x000000077ae00000, 0x000000077c300000, 0x0000000780000000)
  object space 21504K, 64% used [0x000000077ae00000,0x000000077bb8d5f8,0x000000077c300000)
Event: 6.443 GC heap after
Heap after GC invocations=9 (full 0):
 PSYoungGen      total 275456K, used 6656K [0x00000007d5500000, 0x00000007f0900000, 0x0000000800000000)
  eden space 268800K, 0% used [0x00000007d5500000,0x00000007d5500000,0x00000007e5b80000)
  from space 6656K, 100% used [0x00000007e5b80000,0x00000007e6200000,0x00000007e6200000)
  to   space 8192K, 0% used [0x00000007f0100000,0x00000007f0100000,0x00000007f0900000)
 ParOldGen       total 87040K, used 6293K [0x0000000780000000, 0x0000000785500000, 0x00000007d5500000)
  object space 87040K, 7% used [0x0000000780000000,0x00000007806256b0,0x0000000785500000)
 PSPermGen       total 21504K, used 13877K [0x000000077ae00000, 0x000000077c300000, 0x0000000780000000)
  object space 21504K, 64% used [0x000000077ae00000,0x000000077bb8d5f8,0x000000077c300000)
}
Event: 7.042 GC heap before
{Heap before GC invocations=10 (full 0):
 PSYoungGen      total 275456K, used 275456K [0x00000007d5500000, 0x00000007f0900000, 0x0000000800000000)
  eden space 268800K, 100% used [0x00000007d5500000,0x00000007e5b80000,0x00000007e5b80000)
  from space 6656K, 100% used [0x00000007e5b80000,0x00000007e6200000,0x00000007e6200000)
  to   space 8192K, 0% used [0x00000007f0100000,0x00000007f0100000,0x00000007f0900000)
 ParOldGen       total 87040K, used 6293K [0x0000000780000000, 0x0000000785500000, 0x00000007d5500000)
  object space 87040K, 7% used [0x0000000780000000,0x00000007806256b0,0x0000000785500000)
 PSPermGen       total 21504K, used 14226K [0x000000077ae00000, 0x000000077c300000, 0x0000000780000000)
  object space 21504K, 66% used [0x000000077ae00000,0x000000077bbe48c8,0x000000077c300000)
Event: 7.061 GC heap after
Heap after GC invocations=10 (full 0):
 PSYoungGen      total 437248K, used 5728K [0x00000007d5500000, 0x00000007f0800000, 0x0000000800000000)
  eden space 430080K, 0% used [0x00000007d5500000,0x00000007d5500000,0x00000007ef900000)
  from space 7168K, 79% used [0x00000007f0100000,0x00000007f0698000,0x00000007f0800000)
  to   space 7680K, 0% used [0x00000007ef900000,0x00000007ef900000,0x00000007f0080000)
 ParOldGen       total 87040K, used 9773K [0x0000000780000000, 0x0000000785500000, 0x00000007d5500000)
  object space 87040K, 11% used [0x0000000780000000,0x000000078098b6b0,0x0000000785500000)
 PSPermGen       total 21504K, used 14226K [0x000000077ae00000, 0x000000077c300000, 0x0000000780000000)
  object space 21504K, 66% used [0x000000077ae00000,0x000000077bbe48c8,0x000000077c300000)
}
Event: 12.174 GC heap before
{Heap before GC invocations=11 (full 0):
 PSYoungGen      total 437248K, used 435808K [0x00000007d5500000, 0x00000007f0800000, 0x0000000800000000)
  eden space 430080K, 100% used [0x00000007d5500000,0x00000007ef900000,0x00000007ef900000)
  from space 7168K, 79% used [0x00000007f0100000,0x00000007f0698000,0x00000007f0800000)
  to   space 7680K, 0% used [0x00000007ef900000,0x00000007ef900000,0x00000007f0080000)
 ParOldGen       total 87040K, used 9773K [0x0000000780000000, 0x0000000785500000, 0x00000007d5500000)
  object space 87040K, 11% used [0x0000000780000000,0x000000078098b6b0,0x0000000785500000)
 PSPermGen       total 23040K, used 22945K [0x000000077ae00000, 0x000000077c480000, 0x0000000780000000)
  object space 23040K, 99% used [0x000000077ae00000,0x000000077c468648,0x000000077c480000)
Event: 12.200 GC heap after
Heap after GC invocations=11 (full 0):
 PSYoungGen      total 437760K, used 7639K [0x00000007d5500000, 0x0000000800000000, 0x0000000800000000)
  eden space 430080K, 0% used [0x00000007d5500000,0x00000007d5500000,0x00000007ef900000)
  from space 7680K, 99% used [0x00000007ef900000,0x00000007f0075d08,0x00000007f0080000)
  to   space 8704K, 0% used [0x00000007ff780000,0x00000007ff780000,0x0000000800000000)
 ParOldGen       total 87040K, used 15397K [0x0000000780000000, 0x0000000785500000, 0x00000007d5500000)
  object space 87040K, 17% used [0x0000000780000000,0x0000000780f096b0,0x0000000785500000)
 PSPermGen       total 23040K, used 22945K [0x000000077ae00000, 0x000000077c480000, 0x0000000780000000)
  object space 23040K, 99% used [0x000000077ae00000,0x000000077c468648,0x000000077c480000)
}
Event: 37.915 GC heap before
{Heap before GC invocations=12 (full 0):
 PSYoungGen      total 437760K, used 437719K [0x00000007d5500000, 0x0000000800000000, 0x0000000800000000)
  eden space 430080K, 100% used [0x00000007d5500000,0x00000007ef900000,0x00000007ef900000)
  from space 7680K, 99% used [0x00000007ef900000,0x00000007f0075d08,0x00000007f0080000)
  to   space 8704K, 0% used [0x00000007ff780000,0x00000007ff780000,0x0000000800000000)
 ParOldGen       total 87040K, used 15397K [0x0000000780000000, 0x0000000785500000, 0x00000007d5500000)
  object space 87040K, 17% used [0x0000000780000000,0x0000000780f096b0,0x0000000785500000)
 PSPermGen       total 34304K, used 33897K [0x000000077ae00000, 0x000000077cf80000, 0x0000000780000000)
  object space 34304K, 98% used [0x000000077ae00000,0x000000077cf1a4c8,0x000000077cf80000)
Event: 37.954 GC heap after
Heap after GC invocations=12 (full 0):
 PSYoungGen      total 684544K, used 8677K [0x00000007d5500000, 0x0000000800000000, 0x0000000800000000)
  eden space 675840K, 0% used [0x00000007d5500000,0x00000007d5500000,0x00000007fe900000)
  from space 8704K, 99% used [0x00000007ff780000,0x00000007ffff96a8,0x0000000800000000)
  to   space 11776K, 0% used [0x00000007fe900000,0x00000007fe900000,0x00000007ff480000)
 ParOldGen       total 87040K, used 22227K [0x0000000780000000, 0x0000000785500000, 0x00000007d5500000)
  object space 87040K, 25% used [0x0000000780000000,0x00000007815b4e70,0x0000000785500000)
 PSPermGen       total 34304K, used 33897K [0x000000077ae00000, 0x000000077cf80000, 0x0000000780000000)
  object space 34304K, 98% used [0x000000077ae00000,0x000000077cf1a4c8,0x000000077cf80000)
}
Event: 48.163 GC heap before
{Heap before GC invocations=13 (full 0):
 PSYoungGen      total 684544K, used 684517K [0x00000007d5500000, 0x0000000800000000, 0x0000000800000000)
  eden space 675840K, 100% used [0x00000007d5500000,0x00000007fe900000,0x00000007fe900000)
  from space 8704K, 99% used [0x00000007ff780000,0x00000007ffff96a8,0x0000000800000000)
  to   space 11776K, 0% used [0x00000007fe900000,0x00000007fe900000,0x00000007ff480000)
 ParOldGen       total 87040K, used 22227K [0x0000000780000000, 0x0000000785500000, 0x00000007d5500000)
  object space 87040K, 25% used [0x0000000780000000,0x00000007815b4e70,0x0000000785500000)
 PSPermGen       total 36864K, used 36592K [0x000000077ae00000, 0x000000077d200000, 0x0000000780000000)
  object space 36864K, 99% used [0x000000077ae00000,0x000000077d1bc3f0,0x000000077d200000)
Event: 48.236 GC heap after
Heap after GC invocations=13 (full 0):
 PSYoungGen      total 687616K, used 11744K [0x00000007d5500000, 0x0000000800000000, 0x0000000800000000)
  eden space 675840K, 0% used [0x00000007d5500000,0x00000007d5500000,0x00000007fe900000)
  from space 11776K, 99% used [0x00000007fe900000,0x00000007ff478020,0x00000007ff480000)
  to   space 11776K, 0% used [0x00000007ff480000,0x00000007ff480000,0x0000000800000000)
 ParOldGen       total 87040K, used 42366K [0x0000000780000000, 0x0000000785500000, 0x00000007d5500000)
  object space 87040K, 48% used [0x0000000780000000,0x000000078295fa00,0x0000000785500000)
 PSPermGen       total 36864K, used 36592K [0x000000077ae00000, 0x000000077d200000, 0x0000000780000000)
  object space 36864K, 99% used [0x000000077ae00000,0x000000077d1bc3f0,0x000000077d200000)
}

