# JRE version: Java(TM) SE Runtime Environment (7.0_51-b13) (build 1.7.0_51-b13)
# Java VM: Java HotSpot(TM) 64-Bit Server VM (24.51-b03 mixed mode bsd-amd64 compressed oops)
Heap
 PSYoungGen      total 440320K, used 435602K [0x00000007d5500000, 0x0000000800000000, 0x0000000800000000)
  eden space 430080K, 100% used [0x00000007d5500000,0x00000007ef900000,0x00000007ef900000)
  from space 10240K, 53% used [0x00000007ef900000,0x00000007efe648c8,0x00000007f0300000)
  to   space 9728K, 34% used [0x00000007ff680000,0x00000007ff9c8000,0x0000000800000000)
 ParOldGen       total 87040K, used 23464K [0x0000000780000000, 0x0000000785500000, 0x00000007d5500000)
  object space 87040K, 26% used [0x0000000780000000,0x00000007816ea258,0x0000000785500000)
 PSPermGen       total 33792K, used 33728K [0x000000077ae00000, 0x000000077cf00000, 0x0000000780000000)
  object space 33792K, 99% used [0x000000077ae00000,0x000000077cef0318,0x000000077cf00000)
GC Heap History (10 events):
Event: 4.382 GC heap after
Heap after GC invocations=7 (full 0):
 PSYoungGen      total 142848K, used 4601K [0x00000007d5500000, 0x00000007e6b00000, 0x0000000800000000)
  eden space 134656K, 0% used [0x00000007d5500000,0x00000007d5500000,0x00000007dd880000)
  from space 8192K, 56% used [0x00000007dd880000,0x00000007ddcfe650,0x00000007de080000)
  to   space 7680K, 0% used [0x00000007e6380000,0x00000007e6380000,0x00000007e6b00000)
 ParOldGen       total 87040K, used 5279K [0x0000000780000000, 0x0000000785500000, 0x00000007d5500000)
  object space 87040K, 6% used [0x0000000780000000,0x0000000780527c00,0x0000000785500000)
 PSPermGen       total 21504K, used 18644K [0x000000077ae00000, 0x000000077c300000, 0x0000000780000000)
  object space 21504K, 86% used [0x000000077ae00000,0x000000077c035078,0x000000077c300000)
}
Event: 5.249 GC heap before
{Heap before GC invocations=8 (full 0):
 PSYoungGen      total 142848K, used 139257K [0x00000007d5500000, 0x00000007e6b00000, 0x0000000800000000)
  eden space 134656K, 100% used [0x00000007d5500000,0x00000007dd880000,0x00000007dd880000)
  from space 8192K, 56% used [0x00000007dd880000,0x00000007ddcfe650,0x00000007de080000)
  to   space 7680K, 0% used [0x00000007e6380000,0x00000007e6380000,0x00000007e6b00000)
 ParOldGen       total 87040K, used 5279K [0x0000000780000000, 0x0000000785500000, 0x00000007d5500000)
  object space 87040K, 6% used [0x0000000780000000,0x0000000780527c00,0x0000000785500000)
 PSPermGen       total 21504K, used 20653K [0x000000077ae00000, 0x000000077c300000, 0x0000000780000000)
  object space 21504K, 96% used [0x000000077ae00000,0x000000077c22b6e0,0x000000077c300000)
Event: 5.260 GC heap after
Heap after GC invocations=8 (full 0):
 PSYoungGen      total 276992K, used 4136K [0x00000007d5500000, 0x00000007e6b00000, 0x0000000800000000)
  eden space 269312K, 0% used [0x00000007d5500000,0x00000007d5500000,0x00000007e5c00000)
  from space 7680K, 53% used [0x00000007e6380000,0x00000007e678a250,0x00000007e6b00000)
  to   space 7680K, 0% used [0x00000007e5c00000,0x00000007e5c00000,0x00000007e6380000)
 ParOldGen       total 87040K, used 7243K [0x0000000780000000, 0x0000000785500000, 0x00000007d5500000)
  object space 87040K, 8% used [0x0000000780000000,0x0000000780712fc8,0x0000000785500000)
 PSPermGen       total 21504K, used 20653K [0x000000077ae00000, 0x000000077c300000, 0x0000000780000000)
  object space 21504K, 96% used [0x000000077ae00000,0x000000077c22b6e0,0x000000077c300000)
}
Event: 7.245 GC heap before
{Heap before GC invocations=9 (full 0):
 PSYoungGen      total 276992K, used 273448K [0x00000007d5500000, 0x00000007e6b00000, 0x0000000800000000)
  eden space 269312K, 100% used [0x00000007d5500000,0x00000007e5c00000,0x00000007e5c00000)
  from space 7680K, 53% used [0x00000007e6380000,0x00000007e678a250,0x00000007e6b00000)
  to   space 7680K, 0% used [0x00000007e5c00000,0x00000007e5c00000,0x00000007e6380000)
 ParOldGen       total 87040K, used 7243K [0x0000000780000000, 0x0000000785500000, 0x00000007d5500000)
  object space 87040K, 8% used [0x0000000780000000,0x0000000780712fc8,0x0000000785500000)
 PSPermGen       total 27648K, used 27370K [0x000000077ae00000, 0x000000077c900000, 0x0000000780000000)
  object space 27648K, 98% used [0x000000077ae00000,0x000000077c8bab18,0x000000077c900000)
Event: 7.263 GC heap after
Heap after GC invocations=9 (full 0):
 PSYoungGen      total 276992K, used 7657K [0x00000007d5500000, 0x00000007f0c00000, 0x0000000800000000)
  eden space 269312K, 0% used [0x00000007d5500000,0x00000007d5500000,0x00000007e5c00000)
  from space 7680K, 99% used [0x00000007e5c00000,0x00000007e637a538,0x00000007e6380000)
  to   space 9216K, 0% used [0x00000007f0300000,0x00000007f0300000,0x00000007f0c00000)
 ParOldGen       total 87040K, used 9183K [0x0000000780000000, 0x0000000785500000, 0x00000007d5500000)
  object space 87040K, 10% used [0x0000000780000000,0x00000007808f7f90,0x0000000785500000)
 PSPermGen       total 27648K, used 27370K [0x000000077ae00000, 0x000000077c900000, 0x0000000780000000)
  object space 27648K, 98% used [0x000000077ae00000,0x000000077c8bab18,0x000000077c900000)
}
Event: 10.421 GC heap before
{Heap before GC invocations=10 (full 0):
 PSYoungGen      total 276992K, used 276969K [0x00000007d5500000, 0x00000007f0c00000, 0x0000000800000000)
  eden space 269312K, 100% used [0x00000007d5500000,0x00000007e5c00000,0x00000007e5c00000)
  from space 7680K, 99% used [0x00000007e5c00000,0x00000007e637a538,0x00000007e6380000)
  to   space 9216K, 0% used [0x00000007f0300000,0x00000007f0300000,0x00000007f0c00000)
 ParOldGen       total 87040K, used 9183K [0x0000000780000000, 0x0000000785500000, 0x00000007d5500000)
  object space 87040K, 10% used [0x0000000780000000,0x00000007808f7f90,0x0000000785500000)
 PSPermGen       total 33792K, used 33450K [0x000000077ae00000, 0x000000077cf00000, 0x0000000780000000)
  object space 33792K, 98% used [0x000000077ae00000,0x000000077ceaa8f8,0x000000077cf00000)
Event: 10.443 GC heap after
Heap after GC invocations=10 (full 0):
 PSYoungGen      total 439296K, used 8924K [0x00000007d5500000, 0x00000007f0e00000, 0x0000000800000000)
  eden space 430080K, 0% used [0x00000007d5500000,0x00000007d5500000,0x00000007ef900000)
  from space 9216K, 96% used [0x00000007f0300000,0x00000007f0bb73a8,0x00000007f0c00000)
  to   space 10240K, 0% used [0x00000007ef900000,0x00000007ef900000,0x00000007f0300000)
 ParOldGen       total 87040K, used 11473K [0x0000000780000000, 0x0000000785500000, 0x00000007d5500000)
  object space 87040K, 13% used [0x0000000780000000,0x0000000780b34728,0x0000000785500000)
 PSPermGen       total 33792K, used 33450K [0x000000077ae00000, 0x000000077cf00000, 0x0000000780000000)
  object space 33792K, 98% used [0x000000077ae00000,0x000000077ceaa8f8,0x000000077cf00000)
}
Event: 10.916 GC heap before
{Heap before GC invocations=11 (full 0):
 PSYoungGen      total 439296K, used 439004K [0x00000007d5500000, 0x00000007f0e00000, 0x0000000800000000)
  eden space 430080K, 100% used [0x00000007d5500000,0x00000007ef900000,0x00000007ef900000)
  from space 9216K, 96% used [0x00000007f0300000,0x00000007f0bb73a8,0x00000007f0c00000)
  to   space 10240K, 0% used [0x00000007ef900000,0x00000007ef900000,0x00000007f0300000)
 ParOldGen       total 87040K, used 11473K [0x0000000780000000, 0x0000000785500000, 0x00000007d5500000)
  object space 87040K, 13% used [0x0000000780000000,0x0000000780b34728,0x0000000785500000)
 PSPermGen       total 33792K, used 33712K [0x000000077ae00000, 0x000000077cf00000, 0x0000000780000000)
  object space 33792K, 99% used [0x000000077ae00000,0x000000077ceec1a8,0x000000077cf00000)
Event: 10.936 GC heap after
Heap after GC invocations=11 (full 0):
 PSYoungGen      total 440320K, used 5522K [0x00000007d5500000, 0x0000000800000000, 0x0000000800000000)
  eden space 430080K, 0% used [0x00000007d5500000,0x00000007d5500000,0x00000007ef900000)
  from space 10240K, 53% used [0x00000007ef900000,0x00000007efe648c8,0x00000007f0300000)
  to   space 9728K, 0% used [0x00000007ff680000,0x00000007ff680000,0x0000000800000000)
 ParOldGen       total 87040K, used 18759K [0x0000000780000000, 0x0000000785500000, 0x00000007d5500000)
  object space 87040K, 21% used [0x0000000780000000,0x0000000781251d80,0x0000000785500000)
 PSPermGen       total 33792K, used 33712K [0x000000077ae00000, 0x000000077cf00000, 0x0000000780000000)
  object space 33792K, 99% used [0x000000077ae00000,0x000000077ceec1a8,0x000000077cf00000)
}
Event: 11.369 GC heap before
{Heap before GC invocations=12 (full 0):
 PSYoungGen      total 440320K, used 435602K [0x00000007d5500000, 0x0000000800000000, 0x0000000800000000)
  eden space 430080K, 100% used [0x00000007d5500000,0x00000007ef900000,0x00000007ef900000)
  from space 10240K, 53% used [0x00000007ef900000,0x00000007efe648c8,0x00000007f0300000)
  to   space 9728K, 0% used [0x00000007ff680000,0x00000007ff680000,0x0000000800000000)
 ParOldGen       total 87040K, used 18759K [0x0000000780000000, 0x0000000785500000, 0x00000007d5500000)
  object space 87040K, 21% used [0x0000000780000000,0x0000000781251d80,0x0000000785500000)
 PSPermGen       total 33792K, used 33728K [0x000000077ae00000, 0x000000077cf00000, 0x0000000780000000)
  object space 33792K, 99% used [0x000000077ae00000,0x000000077cef0318,0x000000077cf00000)

