# JRE version: Java(TM) SE Runtime Environment (7.0_51-b13) (build 1.7.0_51-b13)
# Java VM: Java HotSpot(TM) 64-Bit Server VM (24.51-b03 mixed mode bsd-amd64 compressed oops)
Heap
 PSYoungGen      total 657408K, used 301410K [0x00000007d5500000, 0x0000000800000000, 0x0000000800000000)
  eden space 647168K, 46% used [0x00000007d5500000,0x00000007e7b58b18,0x00000007fcd00000)
  from space 10240K, 0% used [0x00000007ff600000,0x00000007ff600000,0x0000000800000000)
  to   space 26112K, 0% used [0x00000007fcd00000,0x00000007fcd00000,0x00000007fe680000)
 ParOldGen       total 136192K, used 78215K [0x0000000780000000, 0x0000000788500000, 0x00000007d5500000)
  object space 136192K, 57% used [0x0000000780000000,0x0000000784c61e58,0x0000000788500000)
 PSPermGen       total 83968K, used 42255K [0x000000077ae00000, 0x0000000780000000, 0x0000000780000000)
  object space 83968K, 50% used [0x000000077ae00000,0x000000077d743ec0,0x0000000780000000)
GC Heap History (10 events):
Event: 248.776 GC heap before
{Heap before GC invocations=13 (full 0):
 PSYoungGen      total 689664K, used 684352K [0x00000007d5500000, 0x0000000800000000, 0x0000000800000000)
  eden space 679936K, 100% used [0x00000007d5500000,0x00000007fed00000,0x00000007fed00000)
  from space 9728K, 45% used [0x00000007ff680000,0x00000007ffad0000,0x0000000800000000)
  to   space 9728K, 0% used [0x00000007fed00000,0x00000007fed00000,0x00000007ff680000)
 ParOldGen       total 87040K, used 23555K [0x0000000780000000, 0x0000000785500000, 0x00000007d5500000)
  object space 87040K, 27% used [0x0000000780000000,0x0000000781700d88,0x0000000785500000)
 PSPermGen       total 36864K, used 36720K [0x000000077ae00000, 0x000000077d200000, 0x0000000780000000)
  object space 36864K, 99% used [0x000000077ae00000,0x000000077d1dc3f0,0x000000077d200000)
Event: 248.791 GC heap after
Heap after GC invocations=13 (full 0):
 PSYoungGen      total 684032K, used 4039K [0x00000007d5500000, 0x00000007fff00000, 0x0000000800000000)
  eden space 679936K, 0% used [0x00000007d5500000,0x00000007d5500000,0x00000007fed00000)
  from space 4096K, 98% used [0x00000007fed00000,0x00000007ff0f1f70,0x00000007ff100000)
  to   space 9216K, 0% used [0x00000007ff600000,0x00000007ff600000,0x00000007fff00000)
 ParOldGen       total 87040K, used 27867K [0x0000000780000000, 0x0000000785500000, 0x00000007d5500000)
  object space 87040K, 32% used [0x0000000780000000,0x0000000781b36d88,0x0000000785500000)
 PSPermGen       total 36864K, used 36720K [0x000000077ae00000, 0x000000077d200000, 0x0000000780000000)
  object space 36864K, 99% used [0x000000077ae00000,0x000000077d1dc3f0,0x000000077d200000)
}
Event: 322.634 GC heap before
{Heap before GC invocations=14 (full 0):
 PSYoungGen      total 684032K, used 683975K [0x00000007d5500000, 0x00000007fff00000, 0x0000000800000000)
  eden space 679936K, 100% used [0x00000007d5500000,0x00000007fed00000,0x00000007fed00000)
  from space 4096K, 98% used [0x00000007fed00000,0x00000007ff0f1f70,0x00000007ff100000)
  to   space 9216K, 0% used [0x00000007ff600000,0x00000007ff600000,0x00000007fff00000)
 ParOldGen       total 87040K, used 27867K [0x0000000780000000, 0x0000000785500000, 0x00000007d5500000)
  object space 87040K, 32% used [0x0000000780000000,0x0000000781b36d88,0x0000000785500000)
 PSPermGen       total 39424K, used 39380K [0x000000077ae00000, 0x000000077d480000, 0x0000000780000000)
  object space 39424K, 99% used [0x000000077ae00000,0x000000077d475250,0x000000077d480000)
Event: 322.649 GC heap after
Heap after GC invocations=14 (full 0):
 PSYoungGen      total 689152K, used 5596K [0x00000007d5500000, 0x0000000800000000, 0x0000000800000000)
  eden space 679936K, 0% used [0x00000007d5500000,0x00000007d5500000,0x00000007fed00000)
  from space 9216K, 60% used [0x00000007ff600000,0x00000007ffb77358,0x00000007fff00000)
  to   space 9216K, 0% used [0x00000007fed00000,0x00000007fed00000,0x00000007ff600000)
 ParOldGen       total 87040K, used 30719K [0x0000000780000000, 0x0000000785500000, 0x00000007d5500000)
  object space 87040K, 35% used [0x0000000780000000,0x0000000781dfff40,0x0000000785500000)
 PSPermGen       total 39424K, used 39380K [0x000000077ae00000, 0x000000077d480000, 0x0000000780000000)
  object space 39424K, 99% used [0x000000077ae00000,0x000000077d475250,0x000000077d480000)
}
Event: 326.125 GC heap before
{Heap before GC invocations=15 (full 0):
 PSYoungGen      total 689152K, used 685532K [0x00000007d5500000, 0x0000000800000000, 0x0000000800000000)
  eden space 679936K, 100% used [0x00000007d5500000,0x00000007fed00000,0x00000007fed00000)
  from space 9216K, 60% used [0x00000007ff600000,0x00000007ffb77358,0x00000007fff00000)
  to   space 9216K, 0% used [0x00000007fed00000,0x00000007fed00000,0x00000007ff600000)
 ParOldGen       total 87040K, used 30719K [0x0000000780000000, 0x0000000785500000, 0x00000007d5500000)
  object space 87040K, 35% used [0x0000000780000000,0x0000000781dfff40,0x0000000785500000)
 PSPermGen       total 40960K, used 40707K [0x000000077ae00000, 0x000000077d600000, 0x0000000780000000)
  object space 40960K, 99% used [0x000000077ae00000,0x000000077d5c0d90,0x000000077d600000)
Event: 326.171 GC heap after
Heap after GC invocations=15 (full 0):
 PSYoungGen      total 689152K, used 9200K [0x00000007d5500000, 0x0000000800000000, 0x0000000800000000)
  eden space 679936K, 0% used [0x00000007d5500000,0x00000007d5500000,0x00000007fed00000)
  from space 9216K, 99% used [0x00000007fed00000,0x00000007ff5fc030,0x00000007ff600000)
  to   space 10240K, 0% used [0x00000007ff600000,0x00000007ff600000,0x0000000800000000)
 ParOldGen       total 87040K, used 49831K [0x0000000780000000, 0x0000000785500000, 0x00000007d5500000)
  object space 87040K, 57% used [0x0000000780000000,0x00000007830a9fa0,0x0000000785500000)
 PSPermGen       total 40960K, used 40707K [0x000000077ae00000, 0x000000077d600000, 0x0000000780000000)
  object space 40960K, 99% used [0x000000077ae00000,0x000000077d5c0d90,0x000000077d600000)
}
Event: 328.665 GC heap before
{Heap before GC invocations=16 (full 0):
 PSYoungGen      total 689152K, used 689136K [0x00000007d5500000, 0x0000000800000000, 0x0000000800000000)
  eden space 679936K, 100% used [0x00000007d5500000,0x00000007fed00000,0x00000007fed00000)
  from space 9216K, 99% used [0x00000007fed00000,0x00000007ff5fc030,0x00000007ff600000)
  to   space 10240K, 0% used [0x00000007ff600000,0x00000007ff600000,0x0000000800000000)
 ParOldGen       total 87040K, used 49831K [0x0000000780000000, 0x0000000785500000, 0x00000007d5500000)
  object space 87040K, 57% used [0x0000000780000000,0x00000007830a9fa0,0x0000000785500000)
 PSPermGen       total 42496K, used 42312K [0x000000077ae00000, 0x000000077d780000, 0x0000000780000000)
  object space 42496K, 99% used [0x000000077ae00000,0x000000077d752350,0x000000077d780000)
Event: 328.725 GC heap after
Heap after GC invocations=16 (full 0):
 PSYoungGen      total 657408K, used 10217K [0x00000007d5500000, 0x0000000800000000, 0x0000000800000000)
  eden space 647168K, 0% used [0x00000007d5500000,0x00000007d5500000,0x00000007fcd00000)
  from space 10240K, 99% used [0x00000007ff600000,0x00000007ffffa6d0,0x0000000800000000)
  to   space 26112K, 0% used [0x00000007fcd00000,0x00000007fcd00000,0x00000007fe680000)
 ParOldGen       total 87040K, used 73733K [0x0000000780000000, 0x0000000785500000, 0x00000007d5500000)
  object space 87040K, 84% used [0x0000000780000000,0x00000007848015c0,0x0000000785500000)
 PSPermGen       total 42496K, used 42312K [0x000000077ae00000, 0x000000077d780000, 0x0000000780000000)
  object space 42496K, 99% used [0x000000077ae00000,0x000000077d752350,0x000000077d780000)
}
Event: 328.725 GC heap before
{Heap before GC invocations=17 (full 1):
 PSYoungGen      total 657408K, used 10217K [0x00000007d5500000, 0x0000000800000000, 0x0000000800000000)
  eden space 647168K, 0% used [0x00000007d5500000,0x00000007d5500000,0x00000007fcd00000)
  from space 10240K, 99% used [0x00000007ff600000,0x00000007ffffa6d0,0x0000000800000000)
  to   space 26112K, 0% used [0x00000007fcd00000,0x00000007fcd00000,0x00000007fe680000)
 ParOldGen       total 87040K, used 73733K [0x0000000780000000, 0x0000000785500000, 0x00000007d5500000)
  object space 87040K, 84% used [0x0000000780000000,0x00000007848015c0,0x0000000785500000)
 PSPermGen       total 42496K, used 42312K [0x000000077ae00000, 0x000000077d780000, 0x0000000780000000)
  object space 42496K, 99% used [0x000000077ae00000,0x000000077d752350,0x000000077d780000)
Event: 329.588 GC heap after
Heap after GC invocations=17 (full 1):
 PSYoungGen      total 657408K, used 0K [0x00000007d5500000, 0x0000000800000000, 0x0000000800000000)
  eden space 647168K, 0% used [0x00000007d5500000,0x00000007d5500000,0x00000007fcd00000)
  from space 10240K, 0% used [0x00000007ff600000,0x00000007ff600000,0x0000000800000000)
  to   space 26112K, 0% used [0x00000007fcd00000,0x00000007fcd00000,0x00000007fe680000)
 ParOldGen       total 136192K, used 78215K [0x0000000780000000, 0x0000000788500000, 0x00000007d5500000)
  object space 136192K, 57% used [0x0000000780000000,0x0000000784c61e58,0x0000000788500000)
 PSPermGen       total 83968K, used 42244K [0x000000077ae00000, 0x0000000780000000, 0x0000000780000000)
  object space 83968K, 50% used [0x000000077ae00000,0x000000077d741360,0x0000000780000000)
}

